<?xml version="1.0" encoding="UTF-8" ?>
<testsuite tests="1" failures="0" name="ch.sebooom.blockchain.domain.util.StringUtilTest" time="0" errors="0" skipped="0">
  <properties>
    <property name="java.runtime.name" value="Java(TM) SE Runtime Environment"/>
    <property name="sun.boot.library.path" value="C:\dev\Java\jdk8\jre\bin"/>
    <property name="java.vm.version" value="25.151-b12"/>
    <property name="java.vm.vendor" value="Oracle Corporation"/>
    <property name="maven.multiModuleProjectDirectory" value="D:\BLOCKCHAIN\first-implem"/>
    <property name="java.vendor.url" value="http://java.oracle.com/"/>
    <property name="path.separator" value=";"/>
    <property name="guice.disable.misplaced.annotation.check" value="true"/>
    <property name="java.vm.name" value="Java HotSpot(TM) 64-Bit Server VM"/>
    <property name="file.encoding.pkg" value="sun.io"/>
    <property name="user.script" value=""/>
    <property name="user.country" value="CH"/>
    <property name="sun.java.launcher" value="SUN_STANDARD"/>
    <property name="sun.os.patch.level" value=""/>
    <property name="java.vm.specification.name" value="Java Virtual Machine Specification"/>
    <property name="user.dir" value="D:\BLOCKCHAIN\first-implem"/>
    <property name="java.runtime.version" value="1.8.0_151-b12"/>
    <property name="java.awt.graphicsenv" value="sun.awt.Win32GraphicsEnvironment"/>
    <property name="java.endorsed.dirs" value="C:\dev\Java\jdk8\jre\lib\endorsed"/>
    <property name="os.arch" value="amd64"/>
    <property name="java.io.tmpdir" value="C:\Users\sce\AppData\Local\Temp\"/>
    <property name="line.separator" value="
"/>
    <property name="java.vm.specification.vendor" value="Oracle Corporation"/>
    <property name="user.variant" value=""/>
    <property name="os.name" value="Windows 10"/>
    <property name="classworlds.conf" value="C:\Users\sce\AppData\Local\JetBrains\Toolbox\apps\IDEA-U\ch-0\191.6183.87\plugins\maven\lib\maven3\bin\m2.conf"/>
    <property name="sun.jnu.encoding" value="Cp1252"/>
    <property name="java.library.path" value="C:\dev\Java\jdk8\bin;C:\windows\Sun\Java\bin;C:\windows\system32;C:\windows;C:\ProgramData\DockerDesktop\version-bin;C:\Program Files\Docker\Docker\Resources\bin;C:\Program Files (x86)\Common Files\Oracle\Java\javapath;C:\app\Oracle\product\11.2.0\client_1\bin;C:\windows\system32;C:\windows;C:\windows\System32\Wbem;C:\windows\System32\WindowsPowerShell\v1.0\;C:\windows\System32\OpenSSH\;C:\Program Files\Git\cmd;C:\Program Files\nodejs\;C:\Program Files\PuTTY\;C:\PROGRA~1\IBM\SQLLIB\BIN;C:\PROGRA~1\IBM\SQLLIB\FUNCTION;C:\Program Files\TortoiseSVN\bin;C:\OpenFaas;C:\dev\graddle\gradle-5.3.1\bin;C:\dev\maven\maven3\bin;C:\dev\Java\jdk8\bin;C:\Users\sce\AppData\Local\Microsoft\WindowsApps;C:\OpenFaas;C:\dev\Java\jdk8\bin;;."/>
    <property name="java.specification.name" value="Java Platform API Specification"/>
    <property name="java.class.version" value="52.0"/>
    <property name="sun.management.compiler" value="HotSpot 64-Bit Tiered Compilers"/>
    <property name="os.version" value="10.0"/>
    <property name="user.home" value="C:\Users\sce"/>
    <property name="user.timezone" value="Europe/Berlin"/>
    <property name="java.awt.printerjob" value="sun.awt.windows.WPrinterJob"/>
    <property name="java.specification.version" value="1.8"/>
    <property name="file.encoding" value="UTF-8"/>
    <property name="user.name" value="SCE"/>
    <property name="java.class.path" value="C:\Users\sce\AppData\Local\JetBrains\Toolbox\apps\IDEA-U\ch-0\191.6183.87\plugins\maven\lib\maven3\boot\plexus-classworlds-2.5.2.jar;C:\Users\sce\AppData\Local\JetBrains\Toolbox\apps\IDEA-U\ch-0\191.6183.87\lib\idea_rt.jar"/>
    <property name="java.vm.specification.version" value="1.8"/>
    <property name="sun.arch.data.model" value="64"/>
    <property name="java.home" value="C:\dev\Java\jdk8\jre"/>
    <property name="sun.java.command" value="org.codehaus.classworlds.Launcher -Didea.version2019.1 clean install"/>
    <property name="java.specification.vendor" value="Oracle Corporation"/>
    <property name="user.language" value="fr"/>
    <property name="awt.toolkit" value="sun.awt.windows.WToolkit"/>
    <property name="java.vm.info" value="mixed mode"/>
    <property name="java.version" value="1.8.0_151"/>
    <property name="java.ext.dirs" value="C:\dev\Java\jdk8\jre\lib\ext;C:\windows\Sun\Java\lib\ext"/>
    <property name="sun.boot.class.path" value="C:\dev\Java\jdk8\jre\lib\resources.jar;C:\dev\Java\jdk8\jre\lib\rt.jar;C:\dev\Java\jdk8\jre\lib\sunrsasign.jar;C:\dev\Java\jdk8\jre\lib\jsse.jar;C:\dev\Java\jdk8\jre\lib\jce.jar;C:\dev\Java\jdk8\jre\lib\charsets.jar;C:\dev\Java\jdk8\jre\lib\jfr.jar;C:\dev\Java\jdk8\jre\classes"/>
    <property name="java.vendor" value="Oracle Corporation"/>
    <property name="maven.home" value="C:\Users\sce\AppData\Local\JetBrains\Toolbox\apps\IDEA-U\ch-0\191.6183.87\plugins\maven\lib\maven3"/>
    <property name="file.separator" value="\"/>
    <property name="java.vendor.url.bug" value="http://bugreport.sun.com/bugreport/"/>
    <property name="idea.version2019.1" value="true"/>
    <property name="sun.cpu.endian" value="little"/>
    <property name="sun.io.unicode.encoding" value="UnicodeLittle"/>
    <property name="sun.desktop" value="windows"/>
    <property name="sun.cpu.isalist" value="amd64"/>
  </properties>
  <testcase classname="ch.sebooom.blockchain.domain.util.StringUtilTest" name="testEncrypt" time="0"/>
</testsuite>